<?xml version="1.0" encoding="UTF-8"?>
<!-- Generated by org.testng.reporters.JUnitXMLReporter -->
<testsuite hostname="CA17-C9JQSY1" name="BMT GAIN" tests="5" failures="0" timestamp="2 Dec 2014 17:44:15 GMT" time="527.297" errors="0">
  <testcase name="@AfterMethod afterClass" time="0.0" classname="User_actions.Useractions">
    <failure type="org.openqa.selenium.remote.UnreachableBrowserException" message="Error communicating with the remote browser. It may have died.
Build info: version: &amp;apos;2.41.0&amp;apos;, revision: &amp;apos;3192d8a&amp;apos;, time: &amp;apos;2014-03-27 17:18:15&amp;apos;
System info: host: &amp;apos;CA17-C9JQSY1&amp;apos;, ip: &amp;apos;152.159.31.87&amp;apos;, os.name: &amp;apos;Windows 7&amp;apos;, os.arch: &amp;apos;amd64&amp;apos;, os.version: &amp;apos;6.1&amp;apos;, java.version: &amp;apos;1.8.0_25&amp;apos;
Driver info: driver.version: RemoteWebDriver">
      <![CDATA[org.openqa.selenium.remote.UnreachableBrowserException: Error communicating with the remote browser. It may have died.
Build info: version: '2.41.0', revision: '3192d8a', time: '2014-03-27 17:18:15'
System info: host: 'CA17-C9JQSY1', ip: '152.159.31.87', os.name: 'Windows 7', os.arch: 'amd64', os.version: '6.1', java.version: '1.8.0_25'
Driver info: driver.version: RemoteWebDriver
	at org.openqa.selenium.remote.RemoteWebDriver.execute(RemoteWebDriver.java:589)
	at org.openqa.selenium.remote.RemoteWebDriver.execute(RemoteWebDriver.java:610)
	at org.openqa.selenium.remote.RemoteWebDriver.quit(RemoteWebDriver.java:464)
	at UIWrappers.UIobjects.quitBrowser(UIobjects.java:486)
	at UIWrappers.Page.stopTest(Page.java:26)
	at UIWrappers.Page.afterClass(Page.java:45)
Caused by: java.net.ConnectException: Connection refused: connect
	at java.net.DualStackPlainSocketImpl.waitForConnect(Native Method)
	at java.net.DualStackPlainSocketImpl.socketConnect(Unknown Source)
	at java.net.AbstractPlainSocketImpl.doConnect(Unknown Source)
	at java.net.AbstractPlainSocketImpl.connectToAddress(Unknown Source)
	at java.net.AbstractPlainSocketImpl.connect(Unknown Source)
	at java.net.PlainSocketImpl.connect(Unknown Source)
	at java.net.SocksSocketImpl.connect(Unknown Source)
	at java.net.Socket.connect(Unknown Source)
	at org.apache.http.conn.scheme.PlainSocketFactory.connectSocket(PlainSocketFactory.java:117)
	at org.apache.http.impl.conn.DefaultClientConnectionOperator.openConnection(DefaultClientConnectionOperator.java:178)
	at org.apache.http.impl.conn.AbstractPoolEntry.open(AbstractPoolEntry.java:144)
	at org.apache.http.impl.conn.AbstractPooledConnAdapter.open(AbstractPooledConnAdapter.java:131)
	at org.apache.http.impl.client.DefaultRequestDirector.tryConnect(DefaultRequestDirector.java:610)
	at org.apache.http.impl.client.DefaultRequestDirector.execute(DefaultRequestDirector.java:445)
	at org.apache.http.impl.client.AbstractHttpClient.doExecute(AbstractHttpClient.java:863)
	at org.apache.http.impl.client.CloseableHttpClient.execute(CloseableHttpClient.java:72)
	at org.apache.http.impl.client.CloseableHttpClient.execute(CloseableHttpClient.java:57)
	at org.openqa.selenium.remote.HttpCommandExecutor.fallBackExecute(HttpCommandExecutor.java:322)
	at org.openqa.selenium.remote.HttpCommandExecutor.execute(HttpCommandExecutor.java:301)
	at org.openqa.selenium.firefox.internal.NewProfileExtensionConnection.execute(NewProfileExtensionConnection.java:165)
	at org.openqa.selenium.firefox.FirefoxDriver$LazyCommandExecutor.execute(FirefoxDriver.java:362)
	at org.openqa.selenium.remote.RemoteWebDriver.execute(RemoteWebDriver.java:568)
	... 31 more
... Removed 26 stack frames]]>
    </failure>
  </testcase> <!-- @AfterMethod afterClass -->
  <testcase name="@BeforeMethod beforeClass" time="0.0" classname="User_actions.Useractions">
    <skipped/>
  </testcase> <!-- @BeforeMethod beforeClass -->
  <testcase name="@BeforeMethod beforeClass" time="0.0" classname="User_actions.Useractions">
    <skipped/>
  </testcase> <!-- @BeforeMethod beforeClass -->
  <testcase name="@BeforeMethod beforeClass" time="0.0" classname="User_actions.Useractions">
    <skipped/>
  </testcase> <!-- @BeforeMethod beforeClass -->
  <testcase name="@BeforeMethod beforeClass" time="0.0" classname="User_actions.Useractions">
    <skipped/>
  </testcase> <!-- @BeforeMethod beforeClass -->
  <testcase name="StopTest" time="386.849" classname="User_actions.Useractions"/>
  <testcase name="answeredstatus" time="0.001" classname="User_actions.Useractions">
    <skipped/>
  </testcase> <!-- answeredstatus -->
  <testcase name="highlightEraser" time="0.001" classname="User_actions.Useractions">
    <skipped/>
  </testcase> <!-- highlightEraser -->
  <testcase name="itemNavigation" time="0.0" classname="User_actions.Useractions">
    <skipped/>
  </testcase> <!-- itemNavigation -->
  <testcase name="pauseTest" time="0.0" classname="User_actions.Useractions">
    <skipped/>
  </testcase> <!-- pauseTest -->
</testsuite> <!-- BMT GAIN -->
