<?xml version="1.0" encoding="UTF-8"?>
<testng-results skipped="0" failed="0" total="1" passed="1">
  <reporter-output>
  </reporter-output>
  <suite name="BMT REGRESSION SUITE" duration-ms="141176" started-at="2014-12-17T01:11:30Z" finished-at="2014-12-17T01:13:51Z">
    <groups>
    </groups>
    <test name="BMT" duration-ms="141176" started-at="2014-12-17T01:11:30Z" finished-at="2014-12-17T01:13:51Z">
      <class name="User_actions.Useractions">
        <test-method status="PASS" signature="beforeClass()[pri:0, instance:User_actions.Useractions@c39f790]" name="beforeClass" is-config="true" duration-ms="23165" started-at="2014-12-16T17:11:30Z" finished-at="2014-12-16T17:11:53Z">
          <reporter-output>
          </reporter-output>
        </test-method> <!-- beforeClass -->
        <test-method status="PASS" signature="pauseTest()[pri:0, instance:User_actions.Useractions@c39f790]" name="pauseTest" duration-ms="115430" started-at="2014-12-16T17:11:53Z" finished-at="2014-12-16T17:13:48Z">
          <reporter-output>
          </reporter-output>
        </test-method> <!-- pauseTest -->
        <test-method status="PASS" signature="afterClass()[pri:0, instance:User_actions.Useractions@c39f790]" name="afterClass" is-config="true" duration-ms="2565" started-at="2014-12-16T17:13:48Z" finished-at="2014-12-16T17:13:51Z">
          <reporter-output>
          </reporter-output>
        </test-method> <!-- afterClass -->
      </class> <!-- User_actions.Useractions -->
    </test> <!-- BMT -->
  </suite> <!-- BMT REGRESSION SUITE -->
</testng-results>
